<?xml version="1.0" encoding="UTF-8"?>
<testng-results ignored="1" total="5" passed="4" failed="0" skipped="0">
  <reporter-output>
  </reporter-output>
  <suite started-at="2021-01-30T22:54:43 IST" name="Suite" finished-at="2021-01-30T22:54:43 IST" duration-ms="97">
    <groups>
    </groups>
    <test started-at="2021-01-30T22:54:43 IST" name="Test" finished-at="2021-01-30T22:54:43 IST" duration-ms="33">
      <class name="testng.test2">
        <test-method signature="DummyTest()[pri:0, instance:testng.test2@6f45df59]" started-at="2021-01-30T22:54:43 IST" name="DummyTest" finished-at="2021-01-30T22:54:43 IST" duration-ms="1" status="PASS">
          <reporter-output>
          </reporter-output>
        </test-method> <!-- DummyTest -->
      </class> <!-- testng.test2 -->
      <class name="testng.test1">
        <test-method signature="Demo()[pri:0, instance:testng.test1@58ea606c]" started-at="2021-01-30T22:54:43 IST" name="Demo" finished-at="2021-01-30T22:54:43 IST" duration-ms="6" status="PASS">
          <reporter-output>
          </reporter-output>
        </test-method> <!-- Demo -->
      </class> <!-- testng.test1 -->
    </test> <!-- Test -->
    <test started-at="2021-01-30T22:54:43 IST" name="Test2" finished-at="2021-01-30T22:54:43 IST" duration-ms="6">
      <class name="testng.Test3">
        <test-method signature="method1()[pri:0, instance:testng.Test3@55740540]" started-at="2021-01-30T22:54:43 IST" name="method1" finished-at="2021-01-30T22:54:43 IST" duration-ms="1" status="PASS">
          <reporter-output>
          </reporter-output>
        </test-method> <!-- method1 -->
        <test-method signature="method3()[pri:0, instance:testng.Test3@55740540]" started-at="2021-01-30T22:54:43 IST" name="method3" finished-at="2021-01-30T22:54:43 IST" duration-ms="1" status="PASS">
          <reporter-output>
          </reporter-output>
        </test-method> <!-- method3 -->
      </class> <!-- testng.Test3 -->
    </test> <!-- Test2 -->
  </suite> <!-- Suite -->
</testng-results>
