<?xml version="1.0" encoding="UTF-8"?>
<!-- Generated by org.testng.reporters.JUnitXMLReporter -->
<testsuite ignored="0" hostname="del1-lhp-n01959" failures="0" tests="3" name="Default test" time="3.666" errors="0" timestamp="2021-05-31T02:01:40 IST">
  <testcase classname="LibraryAPI.RequestClasses" name="getBooks" time="2.03"/>
  <testcase classname="LibraryAPI.RequestClasses" name="addBooks" time="1.178"/>
  <testcase classname="LibraryAPI.RequestClasses" name="delBook" time="0.424"/>
</testsuite> <!-- Default test -->
