<?xml version="1.0" encoding="UTF-8"?>
<!-- Generated by org.testng.reporters.JUnitXMLReporter -->
<testsuite ignored="0" hostname="del1-lhp-n01959" failures="0" tests="3" name="Default test" time="3.611" errors="0" timestamp="2021-05-23T20:21:14 IST">
  <testcase classname="LibraryAPI.RequestClasses" name="getBooks" time="1.91"/>
  <testcase classname="LibraryAPI.RequestClasses" name="addBooks" time="1.208"/>
  <testcase classname="LibraryAPI.RequestClasses" name="delBook" time="0.461"/>
</testsuite> <!-- Default test -->
