<?xml version="1.0" encoding="UTF-8"?>
<testng-results ignored="0" total="3" passed="3" failed="0" skipped="0">
  <reporter-output>
  </reporter-output>
  <suite started-at="2021-05-31T02:01:36 IST" name="Default suite" finished-at="2021-05-31T02:01:40 IST" duration-ms="3666">
    <groups>
    </groups>
    <test started-at="2021-05-31T02:01:36 IST" name="Default test" finished-at="2021-05-31T02:01:40 IST" duration-ms="3666">
      <class name="LibraryAPI.RequestClasses">
        <test-method signature="getBooks()[pri:1, instance:LibraryAPI.RequestClasses@13b13b5d]" started-at="2021-05-31T02:01:36 IST" name="getBooks" finished-at="2021-05-31T02:01:38 IST" duration-ms="2030" status="PASS">
          <reporter-output>
          </reporter-output>
        </test-method> <!-- getBooks -->
        <test-method signature="addBooks()[pri:2, instance:LibraryAPI.RequestClasses@13b13b5d]" started-at="2021-05-31T02:01:38 IST" name="addBooks" finished-at="2021-05-31T02:01:39 IST" duration-ms="1178" status="PASS">
          <reporter-output>
          </reporter-output>
        </test-method> <!-- addBooks -->
        <test-method signature="delBook()[pri:3, instance:LibraryAPI.RequestClasses@13b13b5d]" started-at="2021-05-31T02:01:39 IST" name="delBook" finished-at="2021-05-31T02:01:40 IST" duration-ms="424" status="PASS">
          <reporter-output>
          </reporter-output>
        </test-method> <!-- delBook -->
      </class> <!-- LibraryAPI.RequestClasses -->
    </test> <!-- Default test -->
  </suite> <!-- Default suite -->
</testng-results>
