<?xml version="1.0" encoding="UTF-8"?>
<testng-results ignored="0" total="3" passed="3" failed="0" skipped="0">
  <reporter-output>
  </reporter-output>
  <suite started-at="2021-05-23T20:21:10 IST" name="Default suite" finished-at="2021-05-23T20:21:14 IST" duration-ms="3611">
    <groups>
    </groups>
    <test started-at="2021-05-23T20:21:10 IST" name="Default test" finished-at="2021-05-23T20:21:14 IST" duration-ms="3611">
      <class name="LibraryAPI.RequestClasses">
        <test-method signature="getBooks()[pri:1, instance:LibraryAPI.RequestClasses@13b13b5d]" started-at="2021-05-23T20:21:10 IST" name="getBooks" finished-at="2021-05-23T20:21:12 IST" duration-ms="1910" status="PASS">
          <reporter-output>
          </reporter-output>
        </test-method> <!-- getBooks -->
        <test-method signature="addBooks()[pri:2, instance:LibraryAPI.RequestClasses@13b13b5d]" started-at="2021-05-23T20:21:12 IST" name="addBooks" finished-at="2021-05-23T20:21:13 IST" duration-ms="1208" status="PASS">
          <reporter-output>
          </reporter-output>
        </test-method> <!-- addBooks -->
        <test-method signature="delBook()[pri:3, instance:LibraryAPI.RequestClasses@13b13b5d]" started-at="2021-05-23T20:21:13 IST" name="delBook" finished-at="2021-05-23T20:21:14 IST" duration-ms="461" status="PASS">
          <reporter-output>
          </reporter-output>
        </test-method> <!-- delBook -->
      </class> <!-- LibraryAPI.RequestClasses -->
    </test> <!-- Default test -->
  </suite> <!-- Default suite -->
</testng-results>
