<?xml version="1.0" encoding="UTF-8"?>
<!-- Generated by org.testng.reporters.JUnitXMLReporter -->
<testsuite ignored="1" hostname="del1-lhp-n01959" failures="0" tests="2" name="Test2" time="0.006" errors="0" timestamp="2021-01-30T22:54:43 IST">
  <testcase classname="testng.Test3" name="method1" time="0.001"/>
  <testcase classname="testng.Test3" name="method3" time="0.001"/>
  <testcase classname="testng.Test3" name="method2" time="0.0">
    <ignored/>
  </testcase> <!-- method2 -->
</testsuite> <!-- Test2 -->
